

***********************************************************************
Fatal NI connect error 12514, connecting to:
 (DESCRIPTION=(ADDRESS=(PROTOCOL=TCP)(HOST=192.168.1.85)(PORT=1521))(CONNECT_DATA=(SERVER=DEDICATED)(SERVICE_NAME=orcl)(CID=(PROGRAM=sqlplus)(HOST=localhost85)(USER=mcarbon))))

  VERSION INFORMATION:
	TNS for Linux: Version 10.2.0.1.0 - Production
	TCP/IP NT Protocol Adapter for Linux: Version 10.2.0.1.0 - Production
  Time: 07-FEB-2011 11:18:45
  Tracing not turned on.
  Tns error struct:
    ns main err code: 12564
    TNS-12564: TNS:connection refused
    ns secondary err code: 0
    nt main err code: 0
    nt secondary err code: 0
    nt OS err code: 0


***********************************************************************
Fatal NI connect error 12514, connecting to:
 (DESCRIPTION=(ADDRESS=(PROTOCOL=TCP)(HOST=192.168.1.85)(PORT=1521))(CONNECT_DATA=(SERVER=DEDICATED)(SERVICE_NAME=orcl)(CID=(PROGRAM=sqlplus)(HOST=localhost85)(USER=mcarbon))))

  VERSION INFORMATION:
	TNS for Linux: Version 10.2.0.1.0 - Production
	TCP/IP NT Protocol Adapter for Linux: Version 10.2.0.1.0 - Production
  Time: 07-FEB-2011 11:18:59
  Tracing not turned on.
  Tns error struct:
    ns main err code: 12564
    TNS-12564: TNS:connection refused
    ns secondary err code: 0
    nt main err code: 0
    nt secondary err code: 0
    nt OS err code: 0
